1698041592910	geckodriver	INFO	Listening on 127.0.0.1:46807
1698041593434	mozrunner::runner	INFO	Running command: MOZ_CRASHREPORTER="1" MOZ_CRASHREPORTER_NO_REPORT="1" MOZ_CRASHREPORTER_SHUTDOWN="1" MOZ_NO_REMOTE="1" "/usr ... te" "--remote-debugging-port" "56277" "--remote-allow-hosts" "localhost" "-no-remote" "-profile" "/tmp/rust_mozprofilej64XCm"
console.warn: services.settings: Ignoring preference override of remote settings server
console.warn: services.settings: Allow by setting MOZ_REMOTE_SETTINGS_DEVTOOLS=1 in the environment
ATTENTION: default value of option mesa_glthread overridden by environment.
1698041594266	Marionette	INFO	Marionette enabled
ATTENTION: default value of option mesa_glthread overridden by environment.
1698041594470	Marionette	INFO	Listening on port 34053
WebDriver BiDi listening on ws://127.0.0.1:56277
Read port: 34053
1698041594745	RemoteAgent	WARN	TLS certificate errors will be ignored for this session
console.error: ({})
[Parent 688181, Main Thread] WARNING: invalid (NULL) pointer instance: 'glib warning', file /builds/worker/checkouts/gecko/toolkit/xre/nsSigHandlers.cpp:167

(firefox:688181): GLib-GObject-WARNING **: 03:13:15.091: invalid (NULL) pointer instance
[Parent 688181, Main Thread] WARNING: g_signal_emit_by_name: assertion 'G_TYPE_CHECK_INSTANCE (instance)' failed: 'glib warning', file /builds/worker/checkouts/gecko/toolkit/xre/nsSigHandlers.cpp:167

(firefox:688181): GLib-GObject-CRITICAL **: 03:13:15.091: g_signal_emit_by_name: assertion 'G_TYPE_CHECK_INSTANCE (instance)' failed
[Parent 688181, Main Thread] WARNING: invalid (NULL) pointer instance: 'glib warning', file /builds/worker/checkouts/gecko/toolkit/xre/nsSigHandlers.cpp:167

(firefox:688181): GLib-GObject-WARNING **: 03:13:15.091: invalid (NULL) pointer instance
[Parent 688181, Main Thread] WARNING: g_signal_emit_by_name: assertion 'G_TYPE_CHECK_INSTANCE (instance)' failed: 'glib warning', file /builds/worker/checkouts/gecko/toolkit/xre/nsSigHandlers.cpp:167

(firefox:688181): GLib-GObject-CRITICAL **: 03:13:15.091: g_signal_emit_by_name: assertion 'G_TYPE_CHECK_INSTANCE (instance)' failed
DevTools listening on ws://127.0.0.1:56277/devtools/browser/6ec797ed-4395-4bc1-9d41-ccdc51a6e360
[Parent 688181, Main Thread] WARNING: invalid (NULL) pointer instance: 'glib warning', file /builds/worker/checkouts/gecko/toolkit/xre/nsSigHandlers.cpp:167

(firefox:688181): GLib-GObject-WARNING **: 03:13:15.964: invalid (NULL) pointer instance
[Parent 688181, Main Thread] WARNING: g_signal_emit_by_name: assertion 'G_TYPE_CHECK_INSTANCE (instance)' failed: 'glib warning', file /builds/worker/checkouts/gecko/toolkit/xre/nsSigHandlers.cpp:167

(firefox:688181): GLib-GObject-CRITICAL **: 03:13:15.964: g_signal_emit_by_name: assertion 'G_TYPE_CHECK_INSTANCE (instance)' failed
[Parent 688181, Main Thread] WARNING: invalid (NULL) pointer instance: 'glib warning', file /builds/worker/checkouts/gecko/toolkit/xre/nsSigHandlers.cpp:167

(firefox:688181): GLib-GObject-WARNING **: 03:13:16.082: invalid (NULL) pointer instance
[Parent 688181, Main Thread] WARNING: g_signal_emit_by_name: assertion 'G_TYPE_CHECK_INSTANCE (instance)' failed: 'glib warning', file /builds/worker/checkouts/gecko/toolkit/xre/nsSigHandlers.cpp:167

(firefox:688181): GLib-GObject-CRITICAL **: 03:13:16.082: g_signal_emit_by_name: assertion 'G_TYPE_CHECK_INSTANCE (instance)' failed
[Parent 688181, Main Thread] WARNING: invalid (NULL) pointer instance: 'glib warning', file /builds/worker/checkouts/gecko/toolkit/xre/nsSigHandlers.cpp:167

(firefox:688181): GLib-GObject-WARNING **: 03:13:16.090: invalid (NULL) pointer instance
[Parent 688181, Main Thread] WARNING: g_signal_emit_by_name: assertion 'G_TYPE_CHECK_INSTANCE (instance)' failed: 'glib warning', file /builds/worker/checkouts/gecko/toolkit/xre/nsSigHandlers.cpp:167

(firefox:688181): GLib-GObject-CRITICAL **: 03:13:16.090: g_signal_emit_by_name: assertion 'G_TYPE_CHECK_INSTANCE (instance)' failed
[Parent 688181, Main Thread] WARNING: invalid (NULL) pointer instance: 'glib warning', file /builds/worker/checkouts/gecko/toolkit/xre/nsSigHandlers.cpp:167

(firefox:688181): GLib-GObject-WARNING **: 03:13:17.224: invalid (NULL) pointer instance
[Parent 688181, Main Thread] WARNING: g_signal_emit_by_name: assertion 'G_TYPE_CHECK_INSTANCE (instance)' failed: 'glib warning', file /builds/worker/checkouts/gecko/toolkit/xre/nsSigHandlers.cpp:167

(firefox:688181): GLib-GObject-CRITICAL **: 03:13:17.224: g_signal_emit_by_name: assertion 'G_TYPE_CHECK_INSTANCE (instance)' failed
[Parent 688181, Main Thread] WARNING: invalid (NULL) pointer instance: 'glib warning', file /builds/worker/checkouts/gecko/toolkit/xre/nsSigHandlers.cpp:167

(firefox:688181): GLib-GObject-WARNING **: 03:13:17.224: invalid (NULL) pointer instance
[Parent 688181, Main Thread] WARNING: g_signal_emit_by_name: assertion 'G_TYPE_CHECK_INSTANCE (instance)' failed: 'glib warning', file /builds/worker/checkouts/gecko/toolkit/xre/nsSigHandlers.cpp:167

(firefox:688181): GLib-GObject-CRITICAL **: 03:13:17.224: g_signal_emit_by_name: assertion 'G_TYPE_CHECK_INSTANCE (instance)' failed
console.warn: LoginRecipes: "Falling back to a synchronous message for: https://www.saucedemo.com."
console.warn: LoginRecipes: "Falling back to a synchronous message for: https://www.saucedemo.com."
1698041599505	Marionette	INFO	Stopped listening on port 34053
1698042188110	geckodriver	INFO	Listening on 127.0.0.1:44515
1698042188634	mozrunner::runner	INFO	Running command: MOZ_CRASHREPORTER="1" MOZ_CRASHREPORTER_NO_REPORT="1" MOZ_CRASHREPORTER_SHUTDOWN="1" MOZ_NO_REMOTE="1" "/usr ... te" "--remote-debugging-port" "48661" "--remote-allow-hosts" "localhost" "-no-remote" "-profile" "/tmp/rust_mozprofilewutN5Q"
console.warn: services.settings: Ignoring preference override of remote settings server
console.warn: services.settings: Allow by setting MOZ_REMOTE_SETTINGS_DEVTOOLS=1 in the environment
ATTENTION: default value of option mesa_glthread overridden by environment.
1698042189025	Marionette	INFO	Marionette enabled
ATTENTION: default value of option mesa_glthread overridden by environment.
1698042189098	Marionette	INFO	Listening on port 44099
WebDriver BiDi listening on ws://127.0.0.1:48661
Read port: 44099
1698042189250	RemoteAgent	WARN	TLS certificate errors will be ignored for this session
console.error: ({})
[Parent 692086, Main Thread] WARNING: invalid (NULL) pointer instance: 'glib warning', file /builds/worker/checkouts/gecko/toolkit/xre/nsSigHandlers.cpp:167

(firefox:692086): GLib-GObject-WARNING **: 03:23:09.479: invalid (NULL) pointer instance
[Parent 692086, Main Thread] WARNING: g_signal_emit_by_name: assertion 'G_TYPE_CHECK_INSTANCE (instance)' failed: 'glib warning', file /builds/worker/checkouts/gecko/toolkit/xre/nsSigHandlers.cpp:167

(firefox:692086): GLib-GObject-CRITICAL **: 03:23:09.479: g_signal_emit_by_name: assertion 'G_TYPE_CHECK_INSTANCE (instance)' failed
[Parent 692086, Main Thread] WARNING: invalid (NULL) pointer instance: 'glib warning', file /builds/worker/checkouts/gecko/toolkit/xre/nsSigHandlers.cpp:167

(firefox:692086): GLib-GObject-WARNING **: 03:23:09.479: invalid (NULL) pointer instance
[Parent 692086, Main Thread] WARNING: g_signal_emit_by_name: assertion 'G_TYPE_CHECK_INSTANCE (instance)' failed: 'glib warning', file /builds/worker/checkouts/gecko/toolkit/xre/nsSigHandlers.cpp:167

(firefox:692086): GLib-GObject-CRITICAL **: 03:23:09.479: g_signal_emit_by_name: assertion 'G_TYPE_CHECK_INSTANCE (instance)' failed
DevTools listening on ws://127.0.0.1:48661/devtools/browser/af0dd02a-a6a5-4fc6-a4af-4a3533e77504
[Parent 692086, Main Thread] WARNING: invalid (NULL) pointer instance: 'glib warning', file /builds/worker/checkouts/gecko/toolkit/xre/nsSigHandlers.cpp:167

(firefox:692086): GLib-GObject-WARNING **: 03:23:10.308: invalid (NULL) pointer instance
[Parent 692086, Main Thread] WARNING: g_signal_emit_by_name: assertion 'G_TYPE_CHECK_INSTANCE (instance)' failed: 'glib warning', file /builds/worker/checkouts/gecko/toolkit/xre/nsSigHandlers.cpp:167

(firefox:692086): GLib-GObject-CRITICAL **: 03:23:10.308: g_signal_emit_by_name: assertion 'G_TYPE_CHECK_INSTANCE (instance)' failed
[Parent 692086, Main Thread] WARNING: invalid (NULL) pointer instance: 'glib warning', file /builds/worker/checkouts/gecko/toolkit/xre/nsSigHandlers.cpp:167

(firefox:692086): GLib-GObject-WARNING **: 03:23:10.379: invalid (NULL) pointer instance
[Parent 692086, Main Thread] WARNING: g_signal_emit_by_name: assertion 'G_TYPE_CHECK_INSTANCE (instance)' failed: 'glib warning', file /builds/worker/checkouts/gecko/toolkit/xre/nsSigHandlers.cpp:167

(firefox:692086): GLib-GObject-CRITICAL **: 03:23:10.380: g_signal_emit_by_name: assertion 'G_TYPE_CHECK_INSTANCE (instance)' failed
[Parent 692086, Main Thread] WARNING: invalid (NULL) pointer instance: 'glib warning', file /builds/worker/checkouts/gecko/toolkit/xre/nsSigHandlers.cpp:167

(firefox:692086): GLib-GObject-WARNING **: 03:23:10.388: invalid (NULL) pointer instance
[Parent 692086, Main Thread] WARNING: g_signal_emit_by_name: assertion 'G_TYPE_CHECK_INSTANCE (instance)' failed: 'glib warning', file /builds/worker/checkouts/gecko/toolkit/xre/nsSigHandlers.cpp:167

(firefox:692086): GLib-GObject-CRITICAL **: 03:23:10.388: g_signal_emit_by_name: assertion 'G_TYPE_CHECK_INSTANCE (instance)' failed
[Parent 692086, Main Thread] WARNING: invalid (NULL) pointer instance: 'glib warning', file /builds/worker/checkouts/gecko/toolkit/xre/nsSigHandlers.cpp:167

(firefox:692086): GLib-GObject-WARNING **: 03:23:11.521: invalid (NULL) pointer instance
[Parent 692086, Main Thread] WARNING: g_signal_emit_by_name: assertion 'G_TYPE_CHECK_INSTANCE (instance)' failed: 'glib warning', file /builds/worker/checkouts/gecko/toolkit/xre/nsSigHandlers.cpp:167

(firefox:692086): GLib-GObject-CRITICAL **: 03:23:11.522: g_signal_emit_by_name: assertion 'G_TYPE_CHECK_INSTANCE (instance)' failed
[Parent 692086, Main Thread] WARNING: invalid (NULL) pointer instance: 'glib warning', file /builds/worker/checkouts/gecko/toolkit/xre/nsSigHandlers.cpp:167

(firefox:692086): GLib-GObject-WARNING **: 03:23:11.522: invalid (NULL) pointer instance
[Parent 692086, Main Thread] WARNING: g_signal_emit_by_name: assertion 'G_TYPE_CHECK_INSTANCE (instance)' failed: 'glib warning', file /builds/worker/checkouts/gecko/toolkit/xre/nsSigHandlers.cpp:167

(firefox:692086): GLib-GObject-CRITICAL **: 03:23:11.522: g_signal_emit_by_name: assertion 'G_TYPE_CHECK_INSTANCE (instance)' failed
console.warn: LoginRecipes: "Falling back to a synchronous message for: https://www.saucedemo.com."
console.warn: LoginRecipes: "Falling back to a synchronous message for: https://www.saucedemo.com."
1698042193804	Marionette	INFO	Stopped listening on port 44099
1698042464400	geckodriver	INFO	Listening on 127.0.0.1:51183
1698042464924	mozrunner::runner	INFO	Running command: MOZ_CRASHREPORTER="1" MOZ_CRASHREPORTER_NO_REPORT="1" MOZ_CRASHREPORTER_SHUTDOWN="1" MOZ_NO_REMOTE="1" "/usr ... ss" "--remote-debugging-port" "47175" "--remote-allow-hosts" "localhost" "-no-remote" "-profile" "/tmp/rust_mozprofilenXsmcS"
*** You are running in headless mode.
console.warn: services.settings: Ignoring preference override of remote settings server
console.warn: services.settings: Allow by setting MOZ_REMOTE_SETTINGS_DEVTOOLS=1 in the environment
1698042465094	Marionette	INFO	Marionette enabled
1698042465135	Marionette	INFO	Listening on port 35593
WebDriver BiDi listening on ws://127.0.0.1:47175
Read port: 35593
1698042465290	RemoteAgent	WARN	TLS certificate errors will be ignored for this session
[GFX1-]: RenderCompositorSWGL failed mapping default framebuffer, no dt
console.error: ({})
DevTools listening on ws://127.0.0.1:47175/devtools/browser/abae884e-97c5-4efd-9621-578ad4ddb1b3
console.warn: LoginRecipes: "Falling back to a synchronous message for: https://www.saucedemo.com."
console.warn: LoginRecipes: "Falling back to a synchronous message for: https://www.saucedemo.com."
1698042468803	Marionette	INFO	Stopped listening on port 35593
